Content-Type: text/plain; charset="utf-8"
MIME-Version: 1.0
Content-Transfer-Encoding: 7bit
Subject: 
From: webmaster@localhost
To: gojadoc958@azduan.com
Date: Tue, 19 Mar 2024 10:49:28 -0000
Message-ID: <171084536896.1804.4273380696798491197@Patchu>

Hi there,

Someone asked for a password reset for the email address .
Follow the link below:
http://127.0.0.1:8000/reset/Mw/c44zmg-d0351f5b8d23a6bf52f0232753e25fec/

In case you forgot your username: 

If clicking the link above doesn't work, please copy and paste the URL
in a new browser window instead.

If you've received this mail in error, it's likely that another user entered
your email address by mistake while trying to reset a password. If you didn't
initiate the request, you don't need to take any further action and can safely
disregard this email.

Thanks,

The Django Boards Team
-------------------------------------------------------------------------------
Content-Type: text/plain; charset="utf-8"
MIME-Version: 1.0
Content-Transfer-Encoding: 7bit
Subject: 
From: webmaster@localhost
To: gojadoc958@azduan.com
Date: Tue, 19 Mar 2024 10:49:28 -0000
Message-ID: <171084536897.1804.11568091662891572420@Patchu>

Hi there,

Someone asked for a password reset for the email address .
Follow the link below:
http://127.0.0.1:8000/reset/NA/c44zmg-bd3af3458101e1072c727b7c887d097e/

In case you forgot your username: 

If clicking the link above doesn't work, please copy and paste the URL
in a new browser window instead.

If you've received this mail in error, it's likely that another user entered
your email address by mistake while trying to reset a password. If you didn't
initiate the request, you don't need to take any further action and can safely
disregard this email.

Thanks,

The Django Boards Team
-------------------------------------------------------------------------------
